<?xml version="1.0" encoding="UTF-8"?>
<testng-results ignored="0" total="2" passed="2" failed="0" skipped="0">
  <reporter-output>
  </reporter-output>
  <suite started-at="2021-11-16T18:04:16 IST" name="Default suite" finished-at="2021-11-16T18:04:23 IST" duration-ms="6603">
    <groups>
    </groups>
    <test started-at="2021-11-16T18:04:16 IST" name="Default test" finished-at="2021-11-16T18:04:23 IST" duration-ms="6603">
      <class name="ALLAPIS.APIPractice">
        <test-method signature="test()[pri:0, instance:ALLAPIS.APIPractice@51e69659]" started-at="2021-11-16T18:04:16 IST" name="test" finished-at="2021-11-16T18:04:22 IST" duration-ms="5868" status="PASS">
          <reporter-output>
          </reporter-output>
        </test-method> <!-- test -->
        <test-method signature="test1()[pri:0, instance:ALLAPIS.APIPractice@51e69659]" started-at="2021-11-16T18:04:22 IST" name="test1" finished-at="2021-11-16T18:04:23 IST" duration-ms="600" status="PASS">
          <reporter-output>
          </reporter-output>
        </test-method> <!-- test1 -->
      </class> <!-- ALLAPIS.APIPractice -->
    </test> <!-- Default test -->
  </suite> <!-- Default suite -->
</testng-results>
